<?xml version="1.0" encoding="UTF-8" standalone="yes"?><!DOCTYPE report PUBLIC "-//JACOCO//DTD Report 1.1//EN" "report.dtd"><report name="parking-system"><sessioninfo id="LAPTOP-PPH7TVPP-f3fa9e29" start="1763727418646" dump="1763727422086"/><sessioninfo id="LAPTOP-PPH7TVPP-2dba8921" start="1763728736366" dump="1763728739680"/><sessioninfo id="LAPTOP-PPH7TVPP-800125f" start="1763742479697" dump="1763742485679"/><sessioninfo id="LAPTOP-PPH7TVPP-2b355205" start="1764318109383" dump="1764318112907"/><sessioninfo id="LAPTOP-PPH7TVPP-8454a289" start="1764318320875" dump="1764318323588"/><sessioninfo id="LAPTOP-PPH7TVPP-e9fa4007" start="1764318357005" dump="1764318361446"/><sessioninfo id="LAPTOP-PPH7TVPP-b5fbcf05" start="1764318370244" dump="1764318373785"/><sessioninfo id="LAPTOP-PPH7TVPP-38628c28" start="1764320953285" dump="1764320956264"/><sessioninfo id="LAPTOP-PPH7TVPP-7897fd39" start="1764320965104" dump="1764320969622"/><sessioninfo id="LAPTOP-PPH7TVPP-4a6a9839" start="1764321108892" dump="1764321113060"/><sessioninfo id="LAPTOP-PPH7TVPP-71acf935" start="1764321212596" dump="1764321216127"/><sessioninfo id="LAPTOP-PPH7TVPP-cab3c33d" start="1764321268650" dump="1764321271314"/><sessioninfo id="LAPTOP-PPH7TVPP-75e78378" start="1764321279131" dump="1764321282791"/><sessioninfo id="LAPTOP-PPH7TVPP-9a0bb77" start="1764321562240" dump="1764321565449"/><sessioninfo id="LAPTOP-PPH7TVPP-10b3223d" start="1764321580049" dump="1764321582491"/><sessioninfo id="LAPTOP-PPH7TVPP-9573b6cd" start="1764321589690" dump="1764321593205"/><sessioninfo id="LAPTOP-PPH7TVPP-aa43b25" start="1764321723868" dump="1764321726918"/><sessioninfo id="LAPTOP-PPH7TVPP-a96e68d5" start="1764321735471" dump="1764321739860"/><sessioninfo id="LAPTOP-PPH7TVPP-39e6e5d3" start="1764323404580" dump="1764323408410"/><sessioninfo id="LAPTOP-PPH7TVPP-4c14c0cc" start="1764323417646" dump="1764323424663"/><sessioninfo id="LAPTOP-PPH7TVPP-b8f28428" start="1764343100502" dump="1764343104096"/><sessioninfo id="LAPTOP-PPH7TVPP-66329be7" start="1764343115355" dump="1764343121670"/><sessioninfo id="LAPTOP-PPH7TVPP-a3363e5e" start="1764411751779" dump="1764411759301"/><sessioninfo id="LAPTOP-PPH7TVPP-9701d720" start="1764411775071" dump="1764411784877"/><sessioninfo id="LAPTOP-PPH7TVPP-e5a64557" start="1764924666312" dump="1764924671286"/><sessioninfo id="LAPTOP-PPH7TVPP-292d5296" start="1764924683801" dump="1764924693407"/><sessioninfo id="LAPTOP-PPH7TVPP-b3e607a5" start="1764924773259" dump="1764924777421"/><sessioninfo id="LAPTOP-PPH7TVPP-bf8068cb" start="1764924852051" dump="1764924866197"/><sessioninfo id="LAPTOP-PPH7TVPP-a5908561" start="1764924881363" dump="1764924893159"/><sessioninfo id="LAPTOP-PPH7TVPP-10a337e3" start="1764925187033" dump="1764925192802"/><sessioninfo id="LAPTOP-PPH7TVPP-9cef1c1d" start="1764925291324" dump="1764925295663"/><sessioninfo id="LAPTOP-PPH7TVPP-c6e15401" start="1764925312354" dump="1764925322682"/><sessioninfo id="LAPTOP-PPH7TVPP-fe743e07" start="1764946524704" dump="1764946527211"/><sessioninfo id="LAPTOP-PPH7TVPP-ff9f3431" start="1764946535731" dump="1764946540231"/><sessioninfo id="LAPTOP-PPH7TVPP-7ccec86f" start="1765620985432" dump="1765620988866"/><sessioninfo id="LAPTOP-PPH7TVPP-d205f5cb" start="1765621000546" dump="1765621006704"/><sessioninfo id="LAPTOP-PPH7TVPP-c5d48778" start="1765621222818" dump="1765621226127"/><sessioninfo id="LAPTOP-PPH7TVPP-635769ef" start="1765621242734" dump="1765621245605"/><sessioninfo id="LAPTOP-PPH7TVPP-76c29e4f" start="1765621254511" dump="1765621259975"/><sessioninfo id="LAPTOP-PPH7TVPP-6efb8e82" start="1765621347894" dump="1765621351059"/><sessioninfo id="LAPTOP-PPH7TVPP-856b7f4f" start="1765621361377" dump="1765621367374"/><sessioninfo id="LAPTOP-PPH7TVPP-83385bae" start="1765621462965" dump="1765621465715"/><sessioninfo id="LAPTOP-PPH7TVPP-9a9388d6" start="1765621475127" dump="1765621480195"/><sessioninfo id="LAPTOP-PPH7TVPP-99915625" start="1765621877594" dump="1765621881355"/><sessioninfo id="LAPTOP-PPH7TVPP-d5246aa0" start="1765621890054" dump="1765621894000"/><sessioninfo id="LAPTOP-PPH7TVPP-869c978b" start="1765621954517" dump="1765621957920"/><sessioninfo id="LAPTOP-PPH7TVPP-c4740a" start="1765621966932" dump="1765621973215"/><sessioninfo id="7406446800625-f1a185e7" start="1765906091695" dump="1765906115355"/><sessioninfo id="7406446800625-9912492" start="1765906166528" dump="1765906184611"/><sessioninfo id="LAPTOP-PPH7TVPP-50695adc" start="1765906699414" dump="1765906741697"/><sessioninfo id="LAPTOP-PPH7TVPP-2654c83" start="1765906772675" dump="1765906791619"/><sessioninfo id="LAPTOP-PPH7TVPP-9370ece6" start="1765908983087" dump="1765908993650"/><sessioninfo id="LAPTOP-PPH7TVPP-c2ab9e3a" start="1765909014750" dump="1765909028084"/><sessioninfo id="7406446800625-bdae41d7" start="1765909281640" dump="1765909294552"/><sessioninfo id="7406446800625-f7c1758e" start="1765909315216" dump="1765909324584"/><sessioninfo id="LAPTOP-PPH7TVPP-bec8be2f" start="1765910997673" dump="1765911002018"/><package name="com/parkit/parkingsystem/service"><class name="com/parkit/parkingsystem/service/FareCalculatorService" sourcefilename="FareCalculatorService.java"><method name="&lt;init&gt;" desc="()V" line="6"><counter type="INSTRUCTION" missed="0" covered="3"/><counter type="LINE" missed="0" covered="1"/><counter type="COMPLEXITY" missed="0" covered="1"/><counter type="METHOD" missed="0" covered="1"/></method><method name="calculateFare" desc="(Lcom/parkit/parkingsystem/model/Ticket;Z)V" line="18"><counter type="INSTRUCTION" missed="5" covered="71"/><counter type="BRANCH" missed="1" covered="10"/><counter type="LINE" missed="1" covered="15"/><counter type="COMPLEXITY" missed="1" covered="6"/><counter type="METHOD" missed="0" covered="1"/></method><counter type="INSTRUCTION" missed="5" covered="74"/><counter type="BRANCH" missed="1" covered="10"/><counter type="LINE" missed="1" covered="16"/><counter type="COMPLEXITY" missed="1" covered="7"/><counter type="METHOD" missed="0" covered="2"/><counter type="CLASS" missed="0" covered="1"/></class><class name="com/parkit/parkingsystem/service/ParkingService" sourcefilename="ParkingService.java"><method name="&lt;init&gt;" desc="(Lcom/parkit/parkingsystem/util/InputReaderUtil;Lcom/parkit/parkingsystem/dao/ParkingSpotDAO;Lcom/parkit/parkingsystem/dao/TicketDAO;)V" line="18"><counter type="INSTRUCTION" missed="0" covered="17"/><counter type="LINE" missed="0" covered="6"/><counter type="COMPLEXITY" missed="0" covered="1"/><counter type="METHOD" missed="0" covered="1"/></method><method name="processIncomingVehicle" desc="()V" line="48"><counter type="INSTRUCTION" missed="0" covered="82"/><counter type="BRANCH" missed="1" covered="3"/><counter type="LINE" missed="0" covered="20"/><counter type="COMPLEXITY" missed="1" covered="2"/><counter type="METHOD" missed="0" covered="1"/></method><method name="getVehicleRegNumber" desc="()Ljava/lang/String;" line="79"><counter type="INSTRUCTION" missed="0" covered="7"/><counter type="LINE" missed="0" covered="2"/><counter type="COMPLEXITY" missed="0" covered="1"/><counter type="METHOD" missed="0" covered="1"/></method><method name="getNextParkingNumberIfAvailable" desc="()Lcom/parkit/parkingsystem/model/ParkingSpot;" line="90"><counter type="INSTRUCTION" missed="0" covered="41"/><counter type="BRANCH" missed="0" covered="2"/><counter type="LINE" missed="0" covered="13"/><counter type="COMPLEXITY" missed="0" covered="2"/><counter type="METHOD" missed="0" covered="1"/></method><method name="getVehicleType" desc="()Lcom/parkit/parkingsystem/constants/ParkingType;" line="115"><counter type="INSTRUCTION" missed="2" covered="25"/><counter type="BRANCH" missed="1" covered="2"/><counter type="LINE" missed="1" covered="8"/><counter type="COMPLEXITY" missed="1" covered="2"/><counter type="METHOD" missed="0" covered="1"/></method><method name="processExitingVehicle" desc="(Ljava/util/Date;)V" line="142"><counter type="INSTRUCTION" missed="0" covered="81"/><counter type="BRANCH" missed="0" covered="4"/><counter type="LINE" missed="0" covered="18"/><counter type="COMPLEXITY" missed="0" covered="3"/><counter type="METHOD" missed="0" covered="1"/></method><method name="&lt;clinit&gt;" desc="()V" line="16"><counter type="INSTRUCTION" missed="0" covered="4"/><counter type="LINE" missed="0" covered="1"/><counter type="COMPLEXITY" missed="0" covered="1"/><counter type="METHOD" missed="0" covered="1"/></method><counter type="INSTRUCTION" missed="2" covered="257"/><counter type="BRANCH" missed="2" covered="11"/><counter type="LINE" missed="1" covered="68"/><counter type="COMPLEXITY" missed="2" covered="12"/><counter type="METHOD" missed="0" covered="7"/><counter type="CLASS" missed="0" covered="1"/></class><class name="com/parkit/parkingsystem/service/InteractiveShell" sourcefilename="InteractiveShell.java"><method name="&lt;init&gt;" desc="()V" line="17"><counter type="INSTRUCTION" missed="3" covered="0"/><counter type="LINE" missed="1" covered="0"/><counter type="COMPLEXITY" missed="1" covered="0"/><counter type="METHOD" missed="1" covered="0"/></method><method name="loadInterface" desc="()V" line="22"><counter type="INSTRUCTION" missed="55" covered="0"/><counter type="BRANCH" missed="6" covered="0"/><counter type="LINE" missed="21" covered="0"/><counter type="COMPLEXITY" missed="5" covered="0"/><counter type="METHOD" missed="1" covered="0"/></method><method name="loadMenu" desc="()V" line="54"><counter type="INSTRUCTION" missed="13" covered="0"/><counter type="LINE" missed="5" covered="0"/><counter type="COMPLEXITY" missed="1" covered="0"/><counter type="METHOD" missed="1" covered="0"/></method><method name="&lt;clinit&gt;" desc="()V" line="19"><counter type="INSTRUCTION" missed="4" covered="0"/><counter type="LINE" missed="1" covered="0"/><counter type="COMPLEXITY" missed="1" covered="0"/><counter type="METHOD" missed="1" covered="0"/></method><counter type="INSTRUCTION" missed="75" covered="0"/><counter type="BRANCH" missed="6" covered="0"/><counter type="LINE" missed="28" covered="0"/><counter type="COMPLEXITY" missed="8" covered="0"/><counter type="METHOD" missed="4" covered="0"/><counter type="CLASS" missed="1" covered="0"/></class><sourcefile name="ParkingService.java"><line nr="16" mi="0" ci="4" mb="0" cb="0"/><line nr="18" mi="0" ci="5" mb="0" cb="0"/><line nr="32" mi="0" ci="2" mb="0" cb="0"/><line nr="33" mi="0" ci="3" mb="0" cb="0"/><line nr="34" mi="0" ci="3" mb="0" cb="0"/><line nr="35" mi="0" ci="3" mb="0" cb="0"/><line nr="36" mi="0" ci="1" mb="0" cb="0"/><line nr="48" mi="0" ci="3" mb="0" cb="0"/><line nr="49" mi="0" ci="5" mb="1" cb="3"/><line nr="50" mi="0" ci="3" mb="0" cb="0"/><line nr="51" mi="0" ci="3" mb="0" cb="0"/><line nr="52" mi="0" ci="5" mb="0" cb="0"/><line nr="55" mi="0" ci="4" mb="0" cb="0"/><line nr="56" mi="0" ci="4" mb="0" cb="0"/><line nr="57" mi="0" ci="3" mb="0" cb="0"/><line nr="58" mi="0" ci="3" mb="0" cb="0"/><line nr="59" mi="0" ci="3" mb="0" cb="0"/><line nr="60" mi="0" ci="3" mb="0" cb="0"/><line nr="61" mi="0" ci="3" mb="0" cb="0"/><line nr="62" mi="0" ci="5" mb="0" cb="0"/><line nr="63" mi="0" ci="3" mb="0" cb="0"/><line nr="64" mi="0" ci="11" mb="0" cb="0"/><line nr="65" mi="0" ci="14" mb="0" cb="0"/><line nr="67" mi="0" ci="1" mb="0" cb="0"/><line nr="68" mi="0" ci="4" mb="0" cb="0"/><line nr="69" mi="0" ci="1" mb="0" cb="0"/><line nr="70" mi="0" ci="1" mb="0" cb="0"/><line nr="79" mi="0" ci="3" mb="0" cb="0"/><line nr="80" mi="0" ci="4" mb="0" cb="0"/><line nr="90" mi="0" ci="2" mb="0" cb="0"/><line nr="91" mi="0" ci="2" mb="0" cb="0"/><line nr="93" mi="0" ci="3" mb="0" cb="0"/><line nr="94" mi="0" ci="5" mb="0" cb="0"/><line nr="95" mi="0" ci="2" mb="0" cb="2"/><line nr="96" mi="0" ci="8" mb="0" cb="0"/><line nr="98" mi="0" ci="5" mb="0" cb="0"/><line nr="100" mi="0" ci="1" mb="0" cb="0"/><line nr="101" mi="0" ci="4" mb="0" cb="0"/><line nr="102" mi="0" ci="1" mb="0" cb="0"/><line nr="103" mi="0" ci="4" mb="0" cb="0"/><line nr="104" mi="0" ci="2" mb="0" cb="0"/><line nr="105" mi="0" ci="2" mb="0" cb="0"/><line nr="115" mi="0" ci="3" mb="0" cb="0"/><line nr="116" mi="0" ci="3" mb="0" cb="0"/><line nr="117" mi="0" ci="3" mb="0" cb="0"/><line nr="118" mi="0" ci="4" mb="0" cb="0"/><line nr="119" mi="0" ci="2" mb="1" cb="2"/><line nr="121" mi="0" ci="2" mb="0" cb="0"/><line nr="124" mi="2" ci="0" mb="0" cb="0"/><line nr="127" mi="0" ci="3" mb="0" cb="0"/><line nr="128" mi="0" ci="5" mb="0" cb="0"/><line nr="142" mi="0" ci="3" mb="0" cb="0"/><line nr="143" mi="0" ci="5" mb="0" cb="0"/><line nr="146" mi="0" ci="5" mb="0" cb="0"/><line nr="147" mi="0" ci="7" mb="0" cb="2"/><line nr="148" mi="0" ci="3" mb="0" cb="0"/><line nr="149" mi="0" ci="5" mb="0" cb="0"/><line nr="151" mi="0" ci="5" mb="0" cb="2"/><line nr="152" mi="0" ci="3" mb="0" cb="0"/><line nr="153" mi="0" ci="3" mb="0" cb="0"/><line nr="154" mi="0" ci="5" mb="0" cb="0"/><line nr="155" mi="0" ci="11" mb="0" cb="0"/><line nr="156" mi="0" ci="15" mb="0" cb="0"/><line nr="157" mi="0" ci="1" mb="0" cb="0"/><line nr="158" mi="0" ci="3" mb="0" cb="0"/><line nr="160" mi="0" ci="1" mb="0" cb="0"/><line nr="161" mi="0" ci="4" mb="0" cb="0"/><line nr="162" mi="0" ci="1" mb="0" cb="0"/><line nr="163" mi="0" ci="1" mb="0" cb="0"/><counter type="INSTRUCTION" missed="2" covered="257"/><counter type="BRANCH" missed="2" covered="11"/><counter type="LINE" missed="1" covered="68"/><counter type="COMPLEXITY" missed="2" covered="12"/><counter type="METHOD" missed="0" covered="7"/><counter type="CLASS" missed="0" covered="1"/></sourcefile><sourcefile name="InteractiveShell.java"><line nr="17" mi="3" ci="0" mb="0" cb="0"/><line nr="19" mi="4" ci="0" mb="0" cb="0"/><line nr="22" mi="3" ci="0" mb="0" cb="0"/><line nr="23" mi="3" ci="0" mb="0" cb="0"/><line nr="25" mi="2" ci="0" mb="0" cb="0"/><line nr="26" mi="4" ci="0" mb="0" cb="0"/><line nr="27" mi="4" ci="0" mb="0" cb="0"/><line nr="28" mi="4" ci="0" mb="0" cb="0"/><line nr="29" mi="7" ci="0" mb="0" cb="0"/><line nr="31" mi="2" ci="0" mb="2" cb="0"/><line nr="32" mi="1" ci="0" mb="0" cb="0"/><line nr="33" mi="3" ci="0" mb="0" cb="0"/><line nr="34" mi="2" ci="0" mb="4" cb="0"/><line nr="36" mi="2" ci="0" mb="0" cb="0"/><line nr="37" mi="1" ci="0" mb="0" cb="0"/><line nr="40" mi="5" ci="0" mb="0" cb="0"/><line nr="41" mi="1" ci="0" mb="0" cb="0"/><line nr="44" mi="3" ci="0" mb="0" cb="0"/><line nr="45" mi="2" ci="0" mb="0" cb="0"/><line nr="46" mi="1" ci="0" mb="0" cb="0"/><line nr="48" mi="3" ci="0" mb="0" cb="0"/><line nr="50" mi="1" ci="0" mb="0" cb="0"/><line nr="51" mi="1" ci="0" mb="0" cb="0"/><line nr="54" mi="3" ci="0" mb="0" cb="0"/><line nr="55" mi="3" ci="0" mb="0" cb="0"/><line nr="56" mi="3" ci="0" mb="0" cb="0"/><line nr="57" mi="3" ci="0" mb="0" cb="0"/><line nr="58" mi="1" ci="0" mb="0" cb="0"/><counter type="INSTRUCTION" missed="75" covered="0"/><counter type="BRANCH" missed="6" covered="0"/><counter type="LINE" missed="28" covered="0"/><counter type="COMPLEXITY" missed="8" covered="0"/><counter type="METHOD" missed="4" covered="0"/><counter type="CLASS" missed="1" covered="0"/></sourcefile><sourcefile name="FareCalculatorService.java"><line nr="6" mi="0" ci="3" mb="0" cb="0"/><line nr="18" mi="0" ci="9" mb="0" cb="4"/><line nr="19" mi="0" ci="13" mb="0" cb="0"/><line nr="23" mi="0" ci="8" mb="0" cb="0"/><line nr="24" mi="0" ci="5" mb="0" cb="0"/><line nr="27" mi="0" ci="4" mb="0" cb="2"/><line nr="28" mi="0" ci="3" mb="0" cb="0"/><line nr="29" mi="0" ci="1" mb="0" cb="0"/><line nr="33" mi="0" ci="7" mb="1" cb="2"/><line nr="35" mi="0" ci="5" mb="0" cb="0"/><line nr="36" mi="0" ci="1" mb="0" cb="0"/><line nr="39" mi="0" ci="5" mb="0" cb="0"/><line nr="40" mi="0" ci="1" mb="0" cb="0"/><line nr="42" mi="5" ci="0" mb="0" cb="0"/><line nr="46" mi="0" ci="2" mb="0" cb="2"/><line nr="47" mi="0" ci="6" mb="0" cb="0"/><line nr="50" mi="0" ci="1" mb="0" cb="0"/><counter type="INSTRUCTION" missed="5" covered="74"/><counter type="BRANCH" missed="1" covered="10"/><counter type="LINE" missed="1" covered="16"/><counter type="COMPLEXITY" missed="1" covered="7"/><counter type="METHOD" missed="0" covered="2"/><counter type="CLASS" missed="0" covered="1"/></sourcefile><counter type="INSTRUCTION" missed="82" covered="331"/><counter type="BRANCH" missed="9" covered="21"/><counter type="LINE" missed="30" covered="84"/><counter type="COMPLEXITY" missed="11" covered="19"/><counter type="METHOD" missed="4" covered="9"/><counter type="CLASS" missed="1" covered="2"/></package><package name="com/parkit/parkingsystem"><class name="com/parkit/parkingsystem/App" sourcefilename="App.java"><method name="&lt;init&gt;" desc="()V" line="7"><counter type="INSTRUCTION" missed="3" covered="0"/><counter type="LINE" missed="1" covered="0"/><counter type="COMPLEXITY" missed="1" covered="0"/><counter type="METHOD" missed="1" covered="0"/></method><method name="main" desc="([Ljava/lang/String;)V" line="10"><counter type="INSTRUCTION" missed="5" covered="0"/><counter type="LINE" missed="3" covered="0"/><counter type="COMPLEXITY" missed="1" covered="0"/><counter type="METHOD" missed="1" covered="0"/></method><method name="&lt;clinit&gt;" desc="()V" line="8"><counter type="INSTRUCTION" missed="4" covered="0"/><counter type="LINE" missed="1" covered="0"/><counter type="COMPLEXITY" missed="1" covered="0"/><counter type="METHOD" missed="1" covered="0"/></method><counter type="INSTRUCTION" missed="12" covered="0"/><counter type="LINE" missed="5" covered="0"/><counter type="COMPLEXITY" missed="3" covered="0"/><counter type="METHOD" missed="3" covered="0"/><counter type="CLASS" missed="1" covered="0"/></class><sourcefile name="App.java"><line nr="7" mi="3" ci="0" mb="0" cb="0"/><line nr="8" mi="4" ci="0" mb="0" cb="0"/><line nr="10" mi="3" ci="0" mb="0" cb="0"/><line nr="11" mi="1" ci="0" mb="0" cb="0"/><line nr="12" mi="1" ci="0" mb="0" cb="0"/><counter type="INSTRUCTION" missed="12" covered="0"/><counter type="LINE" missed="5" covered="0"/><counter type="COMPLEXITY" missed="3" covered="0"/><counter type="METHOD" missed="3" covered="0"/><counter type="CLASS" missed="1" covered="0"/></sourcefile><counter type="INSTRUCTION" missed="12" covered="0"/><counter type="LINE" missed="5" covered="0"/><counter type="COMPLEXITY" missed="3" covered="0"/><counter type="METHOD" missed="3" covered="0"/><counter type="CLASS" missed="1" covered="0"/></package><package name="com/parkit/parkingsystem/model"><class name="com/parkit/parkingsystem/model/ParkingSpot" sourcefilename="ParkingSpot.java"><method name="&lt;init&gt;" desc="(ILcom/parkit/parkingsystem/constants/ParkingType;Z)V" line="10"><counter type="INSTRUCTION" missed="0" covered="12"/><counter type="LINE" missed="0" covered="5"/><counter type="COMPLEXITY" missed="0" covered="1"/><counter type="METHOD" missed="0" covered="1"/></method><method name="getId" desc="()I" line="17"><counter type="INSTRUCTION" missed="0" covered="3"/><counter type="LINE" missed="0" covered="1"/><counter type="COMPLEXITY" missed="0" covered="1"/><counter type="METHOD" missed="0" covered="1"/></method><method name="setId" desc="(I)V" line="21"><counter type="INSTRUCTION" missed="4" covered="0"/><counter type="LINE" missed="2" covered="0"/><counter type="COMPLEXITY" missed="1" covered="0"/><counter type="METHOD" missed="1" covered="0"/></method><method name="getParkingType" desc="()Lcom/parkit/parkingsystem/constants/ParkingType;" line="25"><counter type="INSTRUCTION" missed="0" covered="3"/><counter type="LINE" missed="0" covered="1"/><counter type="COMPLEXITY" missed="0" covered="1"/><counter type="METHOD" missed="0" covered="1"/></method><method name="setParkingType" desc="(Lcom/parkit/parkingsystem/constants/ParkingType;)V" line="29"><counter type="INSTRUCTION" missed="4" covered="0"/><counter type="LINE" missed="2" covered="0"/><counter type="COMPLEXITY" missed="1" covered="0"/><counter type="METHOD" missed="1" covered="0"/></method><method name="isAvailable" desc="()Z" line="33"><counter type="INSTRUCTION" missed="0" covered="3"/><counter type="LINE" missed="0" covered="1"/><counter type="COMPLEXITY" missed="0" covered="1"/><counter type="METHOD" missed="0" covered="1"/></method><method name="setAvailable" desc="(Z)V" line="37"><counter type="INSTRUCTION" missed="0" covered="4"/><counter type="LINE" missed="0" covered="2"/><counter type="COMPLEXITY" missed="0" covered="1"/><counter type="METHOD" missed="0" covered="1"/></method><method name="equals" desc="(Ljava/lang/Object;)Z" line="42"><counter type="INSTRUCTION" missed="26" covered="0"/><counter type="BRANCH" missed="8" covered="0"/><counter type="LINE" missed="4" covered="0"/><counter type="COMPLEXITY" missed="5" covered="0"/><counter type="METHOD" missed="1" covered="0"/></method><method name="hashCode" desc="()I" line="50"><counter type="INSTRUCTION" missed="3" covered="0"/><counter type="LINE" missed="1" covered="0"/><counter type="COMPLEXITY" missed="1" covered="0"/><counter type="METHOD" missed="1" covered="0"/></method><counter type="INSTRUCTION" missed="37" covered="25"/><counter type="BRANCH" missed="8" covered="0"/><counter type="LINE" missed="9" covered="10"/><counter type="COMPLEXITY" missed="8" covered="5"/><counter type="METHOD" missed="4" covered="5"/><counter type="CLASS" missed="0" covered="1"/></class><class name="com/parkit/parkingsystem/model/Ticket" sourcefilename="Ticket.java"><method name="&lt;init&gt;" desc="()V" line="5"><counter type="INSTRUCTION" missed="0" covered="3"/><counter type="LINE" missed="0" covered="1"/><counter type="COMPLEXITY" missed="0" covered="1"/><counter type="METHOD" missed="0" covered="1"/></method><method name="getId" desc="()I" line="14"><counter type="INSTRUCTION" missed="0" covered="3"/><counter type="LINE" missed="0" covered="1"/><counter type="COMPLEXITY" missed="0" covered="1"/><counter type="METHOD" missed="0" covered="1"/></method><method name="setId" desc="(I)V" line="18"><counter type="INSTRUCTION" missed="0" covered="4"/><counter type="LINE" missed="0" covered="2"/><counter type="COMPLEXITY" missed="0" covered="1"/><counter type="METHOD" missed="0" covered="1"/></method><method name="getParkingSpot" desc="()Lcom/parkit/parkingsystem/model/ParkingSpot;" line="22"><counter type="INSTRUCTION" missed="0" covered="3"/><counter type="LINE" missed="0" covered="1"/><counter type="COMPLEXITY" missed="0" covered="1"/><counter type="METHOD" missed="0" covered="1"/></method><method name="setParkingSpot" desc="(Lcom/parkit/parkingsystem/model/ParkingSpot;)V" line="26"><counter type="INSTRUCTION" missed="0" covered="4"/><counter type="LINE" missed="0" covered="2"/><counter type="COMPLEXITY" missed="0" covered="1"/><counter type="METHOD" missed="0" covered="1"/></method><method name="getVehicleRegNumber" desc="()Ljava/lang/String;" line="30"><counter type="INSTRUCTION" missed="0" covered="3"/><counter type="LINE" missed="0" covered="1"/><counter type="COMPLEXITY" missed="0" covered="1"/><counter type="METHOD" missed="0" covered="1"/></method><method name="setVehicleRegNumber" desc="(Ljava/lang/String;)V" line="34"><counter type="INSTRUCTION" missed="0" covered="4"/><counter type="LINE" missed="0" covered="2"/><counter type="COMPLEXITY" missed="0" covered="1"/><counter type="METHOD" missed="0" covered="1"/></method><method name="getPrice" desc="()D" line="38"><counter type="INSTRUCTION" missed="0" covered="3"/><counter type="LINE" missed="0" covered="1"/><counter type="COMPLEXITY" missed="0" covered="1"/><counter type="METHOD" missed="0" covered="1"/></method><method name="setPrice" desc="(D)V" line="42"><counter type="INSTRUCTION" missed="0" covered="4"/><counter type="LINE" missed="0" covered="2"/><counter type="COMPLEXITY" missed="0" covered="1"/><counter type="METHOD" missed="0" covered="1"/></method><method name="getInTime" desc="()Ljava/util/Date;" line="46"><counter type="INSTRUCTION" missed="0" covered="3"/><counter type="LINE" missed="0" covered="1"/><counter type="COMPLEXITY" missed="0" covered="1"/><counter type="METHOD" missed="0" covered="1"/></method><method name="setInTime" desc="(Ljava/util/Date;)V" line="50"><counter type="INSTRUCTION" missed="0" covered="4"/><counter type="LINE" missed="0" covered="2"/><counter type="COMPLEXITY" missed="0" covered="1"/><counter type="METHOD" missed="0" covered="1"/></method><method name="getOutTime" desc="()Ljava/util/Date;" line="54"><counter type="INSTRUCTION" missed="0" covered="3"/><counter type="LINE" missed="0" covered="1"/><counter type="COMPLEXITY" missed="0" covered="1"/><counter type="METHOD" missed="0" covered="1"/></method><method name="setOutTime" desc="(Ljava/util/Date;)V" line="58"><counter type="INSTRUCTION" missed="0" covered="4"/><counter type="LINE" missed="0" covered="2"/><counter type="COMPLEXITY" missed="0" covered="1"/><counter type="METHOD" missed="0" covered="1"/></method><counter type="INSTRUCTION" missed="0" covered="45"/><counter type="LINE" missed="0" covered="19"/><counter type="COMPLEXITY" missed="0" covered="13"/><counter type="METHOD" missed="0" covered="13"/><counter type="CLASS" missed="0" covered="1"/></class><sourcefile name="Ticket.java"><line nr="5" mi="0" ci="3" mb="0" cb="0"/><line nr="14" mi="0" ci="3" mb="0" cb="0"/><line nr="18" mi="0" ci="3" mb="0" cb="0"/><line nr="19" mi="0" ci="1" mb="0" cb="0"/><line nr="22" mi="0" ci="3" mb="0" cb="0"/><line nr="26" mi="0" ci="3" mb="0" cb="0"/><line nr="27" mi="0" ci="1" mb="0" cb="0"/><line nr="30" mi="0" ci="3" mb="0" cb="0"/><line nr="34" mi="0" ci="3" mb="0" cb="0"/><line nr="35" mi="0" ci="1" mb="0" cb="0"/><line nr="38" mi="0" ci="3" mb="0" cb="0"/><line nr="42" mi="0" ci="3" mb="0" cb="0"/><line nr="43" mi="0" ci="1" mb="0" cb="0"/><line nr="46" mi="0" ci="3" mb="0" cb="0"/><line nr="50" mi="0" ci="3" mb="0" cb="0"/><line nr="51" mi="0" ci="1" mb="0" cb="0"/><line nr="54" mi="0" ci="3" mb="0" cb="0"/><line nr="58" mi="0" ci="3" mb="0" cb="0"/><line nr="59" mi="0" ci="1" mb="0" cb="0"/><counter type="INSTRUCTION" missed="0" covered="45"/><counter type="LINE" missed="0" covered="19"/><counter type="COMPLEXITY" missed="0" covered="13"/><counter type="METHOD" missed="0" covered="13"/><counter type="CLASS" missed="0" covered="1"/></sourcefile><sourcefile name="ParkingSpot.java"><line nr="10" mi="0" ci="2" mb="0" cb="0"/><line nr="11" mi="0" ci="3" mb="0" cb="0"/><line nr="12" mi="0" ci="3" mb="0" cb="0"/><line nr="13" mi="0" ci="3" mb="0" cb="0"/><line nr="14" mi="0" ci="1" mb="0" cb="0"/><line nr="17" mi="0" ci="3" mb="0" cb="0"/><line nr="21" mi="3" ci="0" mb="0" cb="0"/><line nr="22" mi="1" ci="0" mb="0" cb="0"/><line nr="25" mi="0" ci="3" mb="0" cb="0"/><line nr="29" mi="3" ci="0" mb="0" cb="0"/><line nr="30" mi="1" ci="0" mb="0" cb="0"/><line nr="33" mi="0" ci="3" mb="0" cb="0"/><line nr="37" mi="0" ci="3" mb="0" cb="0"/><line nr="38" mi="0" ci="1" mb="0" cb="0"/><line nr="42" mi="5" ci="0" mb="2" cb="0"/><line nr="43" mi="9" ci="0" mb="4" cb="0"/><line nr="44" mi="3" ci="0" mb="0" cb="0"/><line nr="45" mi="9" ci="0" mb="2" cb="0"/><line nr="50" mi="3" ci="0" mb="0" cb="0"/><counter type="INSTRUCTION" missed="37" covered="25"/><counter type="BRANCH" missed="8" covered="0"/><counter type="LINE" missed="9" covered="10"/><counter type="COMPLEXITY" missed="8" covered="5"/><counter type="METHOD" missed="4" covered="5"/><counter type="CLASS" missed="0" covered="1"/></sourcefile><counter type="INSTRUCTION" missed="37" covered="70"/><counter type="BRANCH" missed="8" covered="0"/><counter type="LINE" missed="9" covered="29"/><counter type="COMPLEXITY" missed="8" covered="18"/><counter type="METHOD" missed="4" covered="18"/><counter type="CLASS" missed="0" covered="2"/></package><package name="com/parkit/parkingsystem/constants"><class name="com/parkit/parkingsystem/constants/Fare" sourcefilename="Fare.java"><method name="&lt;init&gt;" desc="()V" line="3"><counter type="INSTRUCTION" missed="3" covered="0"/><counter type="LINE" missed="1" covered="0"/><counter type="COMPLEXITY" missed="1" covered="0"/><counter type="METHOD" missed="1" covered="0"/></method><counter type="INSTRUCTION" missed="3" covered="0"/><counter type="LINE" missed="1" covered="0"/><counter type="COMPLEXITY" missed="1" covered="0"/><counter type="METHOD" missed="1" covered="0"/><counter type="CLASS" missed="1" covered="0"/></class><class name="com/parkit/parkingsystem/constants/ParkingType" sourcefilename="ParkingType.java"><method name="&lt;clinit&gt;" desc="()V" line="3"><counter type="INSTRUCTION" missed="0" covered="24"/><counter type="LINE" missed="0" covered="3"/><counter type="COMPLEXITY" missed="0" covered="1"/><counter type="METHOD" missed="0" covered="1"/></method><counter type="INSTRUCTION" missed="0" covered="24"/><counter type="LINE" missed="0" covered="3"/><counter type="COMPLEXITY" missed="0" covered="1"/><counter type="METHOD" missed="0" covered="1"/><counter type="CLASS" missed="0" covered="1"/></class><class name="com/parkit/parkingsystem/constants/DBConstants" sourcefilename="DBConstants.java"><method name="&lt;init&gt;" desc="()V" line="3"><counter type="INSTRUCTION" missed="3" covered="0"/><counter type="LINE" missed="1" covered="0"/><counter type="COMPLEXITY" missed="1" covered="0"/><counter type="METHOD" missed="1" covered="0"/></method><counter type="INSTRUCTION" missed="3" covered="0"/><counter type="LINE" missed="1" covered="0"/><counter type="COMPLEXITY" missed="1" covered="0"/><counter type="METHOD" missed="1" covered="0"/><counter type="CLASS" missed="1" covered="0"/></class><sourcefile name="DBConstants.java"><line nr="3" mi="3" ci="0" mb="0" cb="0"/><counter type="INSTRUCTION" missed="3" covered="0"/><counter type="LINE" missed="1" covered="0"/><counter type="COMPLEXITY" missed="1" covered="0"/><counter type="METHOD" missed="1" covered="0"/><counter type="CLASS" missed="1" covered="0"/></sourcefile><sourcefile name="ParkingType.java"><line nr="3" mi="0" ci="12" mb="0" cb="0"/><line nr="4" mi="0" ci="6" mb="0" cb="0"/><line nr="5" mi="0" ci="6" mb="0" cb="0"/><counter type="INSTRUCTION" missed="0" covered="24"/><counter type="LINE" missed="0" covered="3"/><counter type="COMPLEXITY" missed="0" covered="1"/><counter type="METHOD" missed="0" covered="1"/><counter type="CLASS" missed="0" covered="1"/></sourcefile><sourcefile name="Fare.java"><line nr="3" mi="3" ci="0" mb="0" cb="0"/><counter type="INSTRUCTION" missed="3" covered="0"/><counter type="LINE" missed="1" covered="0"/><counter type="COMPLEXITY" missed="1" covered="0"/><counter type="METHOD" missed="1" covered="0"/><counter type="CLASS" missed="1" covered="0"/></sourcefile><counter type="INSTRUCTION" missed="6" covered="24"/><counter type="LINE" missed="2" covered="3"/><counter type="COMPLEXITY" missed="2" covered="1"/><counter type="METHOD" missed="2" covered="1"/><counter type="CLASS" missed="2" covered="1"/></package><package name="com/parkit/parkingsystem/util"><class name="com/parkit/parkingsystem/util/InputReaderUtil" sourcefilename="InputReaderUtil.java"><method name="&lt;init&gt;" desc="()V" line="12"><counter type="INSTRUCTION" missed="3" covered="0"/><counter type="LINE" missed="1" covered="0"/><counter type="COMPLEXITY" missed="1" covered="0"/><counter type="METHOD" missed="1" covered="0"/></method><method name="readSelection" desc="()I" line="25"><counter type="INSTRUCTION" missed="16" covered="0"/><counter type="LINE" missed="6" covered="0"/><counter type="COMPLEXITY" missed="1" covered="0"/><counter type="METHOD" missed="1" covered="0"/></method><method name="readVehicleRegistrationNumber" desc="()Ljava/lang/String;" line="43"><counter type="INSTRUCTION" missed="26" covered="0"/><counter type="BRANCH" missed="4" covered="0"/><counter type="LINE" missed="8" covered="0"/><counter type="COMPLEXITY" missed="3" covered="0"/><counter type="METHOD" missed="1" covered="0"/></method><method name="&lt;clinit&gt;" desc="()V" line="14"><counter type="INSTRUCTION" missed="0" covered="9"/><counter type="LINE" missed="0" covered="2"/><counter type="COMPLEXITY" missed="0" covered="1"/><counter type="METHOD" missed="0" covered="1"/></method><counter type="INSTRUCTION" missed="45" covered="9"/><counter type="BRANCH" missed="4" covered="0"/><counter type="LINE" missed="15" covered="2"/><counter type="COMPLEXITY" missed="5" covered="1"/><counter type="METHOD" missed="3" covered="1"/><counter type="CLASS" missed="0" covered="1"/></class><sourcefile name="InputReaderUtil.java"><line nr="12" mi="3" ci="0" mb="0" cb="0"/><line nr="14" mi="0" ci="5" mb="0" cb="0"/><line nr="15" mi="0" ci="4" mb="0" cb="0"/><line nr="25" mi="4" ci="0" mb="0" cb="0"/><line nr="26" mi="2" ci="0" mb="0" cb="0"/><line nr="27" mi="1" ci="0" mb="0" cb="0"/><line nr="28" mi="4" ci="0" mb="0" cb="0"/><line nr="29" mi="3" ci="0" mb="0" cb="0"/><line nr="30" mi="2" ci="0" mb="0" cb="0"/><line nr="43" mi="3" ci="0" mb="0" cb="0"/><line nr="44" mi="6" ci="0" mb="4" cb="0"/><line nr="45" mi="5" ci="0" mb="0" cb="0"/><line nr="47" mi="2" ci="0" mb="0" cb="0"/><line nr="48" mi="1" ci="0" mb="0" cb="0"/><line nr="49" mi="4" ci="0" mb="0" cb="0"/><line nr="50" mi="3" ci="0" mb="0" cb="0"/><line nr="51" mi="2" ci="0" mb="0" cb="0"/><counter type="INSTRUCTION" missed="45" covered="9"/><counter type="BRANCH" missed="4" covered="0"/><counter type="LINE" missed="15" covered="2"/><counter type="COMPLEXITY" missed="5" covered="1"/><counter type="METHOD" missed="3" covered="1"/><counter type="CLASS" missed="0" covered="1"/></sourcefile><counter type="INSTRUCTION" missed="45" covered="9"/><counter type="BRANCH" missed="4" covered="0"/><counter type="LINE" missed="15" covered="2"/><counter type="COMPLEXITY" missed="5" covered="1"/><counter type="METHOD" missed="3" covered="1"/><counter type="CLASS" missed="0" covered="1"/></package><package name="com/parkit/parkingsystem/dao"><class name="com/parkit/parkingsystem/dao/TicketDAO" sourcefilename="TicketDAO.java"><method name="&lt;init&gt;" desc="()V" line="20"><counter type="INSTRUCTION" missed="0" covered="8"/><counter type="LINE" missed="0" covered="2"/><counter type="COMPLEXITY" missed="0" covered="1"/><counter type="METHOD" missed="0" covered="1"/></method><method name="saveTicket" desc="(Lcom/parkit/parkingsystem/model/Ticket;)Z" line="34"><counter type="INSTRUCTION" missed="16" covered="61"/><counter type="BRANCH" missed="2" covered="2"/><counter type="LINE" missed="3" covered="12"/><counter type="COMPLEXITY" missed="2" covered="1"/><counter type="METHOD" missed="0" covered="1"/></method><method name="getTicket" desc="(Ljava/lang/String;)Lcom/parkit/parkingsystem/model/Ticket;" line="66"><counter type="INSTRUCTION" missed="5" covered="78"/><counter type="BRANCH" missed="0" covered="2"/><counter type="LINE" missed="2" covered="19"/><counter type="COMPLEXITY" missed="0" covered="2"/><counter type="METHOD" missed="0" covered="1"/></method><method name="updateTicket" desc="(Lcom/parkit/parkingsystem/model/Ticket;)Z" line="104"><counter type="INSTRUCTION" missed="7" covered="40"/><counter type="LINE" missed="3" covered="9"/><counter type="COMPLEXITY" missed="0" covered="1"/><counter type="METHOD" missed="0" covered="1"/></method><method name="getNBTicket" desc="(Ljava/lang/String;)I" line="130"><counter type="INSTRUCTION" missed="12" covered="40"/><counter type="BRANCH" missed="1" covered="1"/><counter type="LINE" missed="2" covered="12"/><counter type="COMPLEXITY" missed="1" covered="1"/><counter type="METHOD" missed="0" covered="1"/></method><method name="&lt;clinit&gt;" desc="()V" line="22"><counter type="INSTRUCTION" missed="0" covered="4"/><counter type="LINE" missed="0" covered="1"/><counter type="COMPLEXITY" missed="0" covered="1"/><counter type="METHOD" missed="0" covered="1"/></method><counter type="INSTRUCTION" missed="40" covered="231"/><counter type="BRANCH" missed="3" covered="5"/><counter type="LINE" missed="10" covered="55"/><counter type="COMPLEXITY" missed="3" covered="7"/><counter type="METHOD" missed="0" covered="6"/><counter type="CLASS" missed="0" covered="1"/></class><class name="com/parkit/parkingsystem/dao/ParkingSpotDAO" sourcefilename="ParkingSpotDAO.java"><method name="&lt;init&gt;" desc="()V" line="18"><counter type="INSTRUCTION" missed="0" covered="8"/><counter type="LINE" missed="0" covered="2"/><counter type="COMPLEXITY" missed="0" covered="1"/><counter type="METHOD" missed="0" covered="1"/></method><method name="getNextAvailableSlot" desc="(Lcom/parkit/parkingsystem/constants/ParkingType;)I" line="32"><counter type="INSTRUCTION" missed="5" covered="51"/><counter type="BRANCH" missed="1" covered="3"/><counter type="LINE" missed="2" covered="16"/><counter type="COMPLEXITY" missed="1" covered="2"/><counter type="METHOD" missed="0" covered="1"/></method><method name="updateParking" desc="(Lcom/parkit/parkingsystem/model/ParkingSpot;)Z" line="70"><counter type="INSTRUCTION" missed="10" covered="39"/><counter type="BRANCH" missed="1" covered="1"/><counter type="LINE" missed="3" covered="9"/><counter type="COMPLEXITY" missed="1" covered="1"/><counter type="METHOD" missed="0" covered="1"/></method><method name="getParkingSpot" desc="(I)Lcom/parkit/parkingsystem/model/ParkingSpot;" line="98"><counter type="INSTRUCTION" missed="5" covered="56"/><counter type="BRANCH" missed="0" covered="2"/><counter type="LINE" missed="2" covered="15"/><counter type="COMPLEXITY" missed="0" covered="2"/><counter type="METHOD" missed="0" covered="1"/></method><method name="&lt;clinit&gt;" desc="()V" line="19"><counter type="INSTRUCTION" missed="0" covered="4"/><counter type="LINE" missed="0" covered="1"/><counter type="COMPLEXITY" missed="0" covered="1"/><counter type="METHOD" missed="0" covered="1"/></method><counter type="INSTRUCTION" missed="20" covered="158"/><counter type="BRANCH" missed="2" covered="6"/><counter type="LINE" missed="7" covered="43"/><counter type="COMPLEXITY" missed="2" covered="7"/><counter type="METHOD" missed="0" covered="5"/><counter type="CLASS" missed="0" covered="1"/></class><sourcefile name="ParkingSpotDAO.java"><line nr="18" mi="0" ci="2" mb="0" cb="0"/><line nr="19" mi="0" ci="4" mb="0" cb="0"/><line nr="21" mi="0" ci="6" mb="0" cb="0"/><line nr="32" mi="0" ci="2" mb="0" cb="0"/><line nr="33" mi="0" ci="2" mb="0" cb="0"/><line nr="36" mi="0" ci="4" mb="0" cb="0"/><line nr="37" mi="0" ci="4" mb="0" cb="0"/><line nr="38" mi="0" ci="5" mb="0" cb="0"/><line nr="39" mi="0" ci="3" mb="0" cb="0"/><line nr="41" mi="0" ci="2" mb="0" cb="0"/><line nr="44" mi="0" ci="3" mb="1" cb="1"/><line nr="45" mi="0" ci="4" mb="0" cb="0"/><line nr="46" mi="0" ci="3" mb="0" cb="2"/><line nr="47" mi="0" ci="3" mb="0" cb="0"/><line nr="49" mi="0" ci="2" mb="0" cb="0"/><line nr="51" mi="0" ci="4" mb="0" cb="0"/><line nr="52" mi="0" ci="4" mb="0" cb="0"/><line nr="53" mi="1" ci="0" mb="0" cb="0"/><line nr="54" mi="4" ci="0" mb="0" cb="0"/><line nr="56" mi="0" ci="4" mb="0" cb="0"/><line nr="58" mi="0" ci="2" mb="0" cb="0"/><line nr="70" mi="0" ci="2" mb="0" cb="0"/><line nr="73" mi="0" ci="4" mb="0" cb="0"/><line nr="74" mi="0" ci="4" mb="0" cb="0"/><line nr="75" mi="0" ci="5" mb="0" cb="0"/><line nr="76" mi="0" ci="5" mb="0" cb="0"/><line nr="77" mi="0" ci="3" mb="0" cb="0"/><line nr="78" mi="0" ci="4" mb="0" cb="0"/><line nr="80" mi="1" ci="8" mb="1" cb="1"/><line nr="81" mi="1" ci="0" mb="0" cb="0"/><line nr="82" mi="4" ci="0" mb="0" cb="0"/><line nr="83" mi="4" ci="0" mb="0" cb="0"/><line nr="85" mi="0" ci="4" mb="0" cb="0"/><line nr="98" mi="0" ci="2" mb="0" cb="0"/><line nr="99" mi="0" ci="2" mb="0" cb="0"/><line nr="103" mi="0" ci="4" mb="0" cb="0"/><line nr="104" mi="0" ci="4" mb="0" cb="0"/><line nr="107" mi="0" ci="4" mb="0" cb="0"/><line nr="109" mi="0" ci="3" mb="0" cb="0"/><line nr="111" mi="0" ci="3" mb="0" cb="2"/><line nr="113" mi="0" ci="4" mb="0" cb="0"/><line nr="114" mi="0" ci="5" mb="0" cb="0"/><line nr="115" mi="0" ci="4" mb="0" cb="0"/><line nr="118" mi="0" ci="7" mb="0" cb="0"/><line nr="122" mi="0" ci="4" mb="0" cb="0"/><line nr="123" mi="0" ci="4" mb="0" cb="0"/><line nr="125" mi="1" ci="0" mb="0" cb="0"/><line nr="127" mi="4" ci="0" mb="0" cb="0"/><line nr="131" mi="0" ci="4" mb="0" cb="0"/><line nr="135" mi="0" ci="2" mb="0" cb="0"/><counter type="INSTRUCTION" missed="20" covered="158"/><counter type="BRANCH" missed="2" covered="6"/><counter type="LINE" missed="7" covered="43"/><counter type="COMPLEXITY" missed="2" covered="7"/><counter type="METHOD" missed="0" covered="5"/><counter type="CLASS" missed="0" covered="1"/></sourcefile><sourcefile name="TicketDAO.java"><line nr="20" mi="0" ci="2" mb="0" cb="0"/><line nr="22" mi="0" ci="4" mb="0" cb="0"/><line nr="24" mi="0" ci="6" mb="0" cb="0"/><line nr="34" mi="0" ci="2" mb="0" cb="0"/><line nr="36" mi="0" ci="4" mb="0" cb="0"/><line nr="37" mi="0" ci="4" mb="0" cb="0"/><line nr="38" mi="0" ci="6" mb="0" cb="0"/><line nr="39" mi="0" ci="5" mb="0" cb="0"/><line nr="40" mi="0" ci="5" mb="0" cb="0"/><line nr="41" mi="0" ci="9" mb="0" cb="0"/><line nr="43" mi="6" ci="8" mb="1" cb="1"/><line nr="45" mi="0" ci="3" mb="0" cb="0"/><line nr="47" mi="0" ci="4" mb="0" cb="0"/><line nr="48" mi="1" ci="7" mb="1" cb="1"/><line nr="50" mi="1" ci="0" mb="0" cb="0"/><line nr="51" mi="4" ci="0" mb="0" cb="0"/><line nr="52" mi="4" ci="0" mb="0" cb="0"/><line nr="54" mi="0" ci="4" mb="0" cb="0"/><line nr="66" mi="0" ci="2" mb="0" cb="0"/><line nr="67" mi="0" ci="2" mb="0" cb="0"/><line nr="69" mi="0" ci="4" mb="0" cb="0"/><line nr="70" mi="0" ci="4" mb="0" cb="0"/><line nr="71" mi="0" ci="4" mb="0" cb="0"/><line nr="72" mi="0" ci="3" mb="0" cb="0"/><line nr="73" mi="0" ci="3" mb="0" cb="2"/><line nr="74" mi="0" ci="4" mb="0" cb="0"/><line nr="76" mi="0" ci="12" mb="0" cb="0"/><line nr="77" mi="0" ci="3" mb="0" cb="0"/><line nr="78" mi="0" ci="5" mb="0" cb="0"/><line nr="79" mi="0" ci="3" mb="0" cb="0"/><line nr="80" mi="0" ci="5" mb="0" cb="0"/><line nr="81" mi="0" ci="5" mb="0" cb="0"/><line nr="82" mi="0" ci="5" mb="0" cb="0"/><line nr="84" mi="0" ci="4" mb="0" cb="0"/><line nr="85" mi="0" ci="4" mb="0" cb="0"/><line nr="86" mi="1" ci="0" mb="0" cb="0"/><line nr="87" mi="4" ci="0" mb="0" cb="0"/><line nr="89" mi="0" ci="4" mb="0" cb="0"/><line nr="92" mi="0" ci="2" mb="0" cb="0"/><line nr="104" mi="0" ci="2" mb="0" cb="0"/><line nr="106" mi="0" ci="4" mb="0" cb="0"/><line nr="107" mi="0" ci="4" mb="0" cb="0"/><line nr="108" mi="0" ci="5" mb="0" cb="0"/><line nr="109" mi="0" ci="9" mb="0" cb="0"/><line nr="110" mi="0" ci="5" mb="0" cb="0"/><line nr="111" mi="0" ci="3" mb="0" cb="0"/><line nr="112" mi="0" ci="4" mb="0" cb="0"/><line nr="113" mi="1" ci="0" mb="0" cb="0"/><line nr="114" mi="4" ci="0" mb="0" cb="0"/><line nr="116" mi="0" ci="4" mb="0" cb="0"/><line nr="118" mi="2" ci="0" mb="0" cb="0"/><line nr="130" mi="0" ci="2" mb="0" cb="0"/><line nr="131" mi="0" ci="2" mb="0" cb="0"/><line nr="133" mi="0" ci="4" mb="0" cb="0"/><line nr="134" mi="0" ci="4" mb="0" cb="0"/><line nr="135" mi="0" ci="4" mb="0" cb="0"/><line nr="136" mi="0" ci="3" mb="0" cb="0"/><line nr="138" mi="0" ci="3" mb="1" cb="1"/><line nr="139" mi="0" ci="4" mb="0" cb="0"/><line nr="142" mi="0" ci="4" mb="0" cb="0"/><line nr="143" mi="0" ci="4" mb="0" cb="0"/><line nr="145" mi="1" ci="0" mb="0" cb="0"/><line nr="146" mi="11" ci="0" mb="0" cb="0"/><line nr="148" mi="0" ci="4" mb="0" cb="0"/><line nr="150" mi="0" ci="2" mb="0" cb="0"/><counter type="INSTRUCTION" missed="40" covered="231"/><counter type="BRANCH" missed="3" covered="5"/><counter type="LINE" missed="10" covered="55"/><counter type="COMPLEXITY" missed="3" covered="7"/><counter type="METHOD" missed="0" covered="6"/><counter type="CLASS" missed="0" covered="1"/></sourcefile><counter type="INSTRUCTION" missed="60" covered="389"/><counter type="BRANCH" missed="5" covered="11"/><counter type="LINE" missed="17" covered="98"/><counter type="COMPLEXITY" missed="5" covered="14"/><counter type="METHOD" missed="0" covered="11"/><counter type="CLASS" missed="0" covered="2"/></package><package name="com/parkit/parkingsystem/config"><class name="com/parkit/parkingsystem/config/configTest" sourcefilename="configTest.java"><method name="&lt;init&gt;" desc="()V" line="3"><counter type="INSTRUCTION" missed="3" covered="0"/><counter type="LINE" missed="1" covered="0"/><counter type="COMPLEXITY" missed="1" covered="0"/><counter type="METHOD" missed="1" covered="0"/></method><method name="main" desc="([Ljava/lang/String;)V" line="5"><counter type="INSTRUCTION" missed="15" covered="0"/><counter type="LINE" missed="7" covered="0"/><counter type="COMPLEXITY" missed="1" covered="0"/><counter type="METHOD" missed="1" covered="0"/></method><counter type="INSTRUCTION" missed="18" covered="0"/><counter type="LINE" missed="8" covered="0"/><counter type="COMPLEXITY" missed="2" covered="0"/><counter type="METHOD" missed="2" covered="0"/><counter type="CLASS" missed="1" covered="0"/></class><class name="com/parkit/parkingsystem/config/DataBaseConfig" sourcefilename="DataBaseConfig.java"><method name="&lt;init&gt;" desc="()V" line="8"><counter type="INSTRUCTION" missed="0" covered="3"/><counter type="LINE" missed="0" covered="1"/><counter type="COMPLEXITY" missed="0" covered="1"/><counter type="METHOD" missed="0" covered="1"/></method><method name="getConnection" desc="()Ljava/sql/Connection;" line="22"><counter type="INSTRUCTION" missed="0" covered="11"/><counter type="LINE" missed="0" covered="3"/><counter type="COMPLEXITY" missed="0" covered="1"/><counter type="METHOD" missed="0" covered="1"/></method><method name="closeConnection" desc="(Ljava/sql/Connection;)V" line="31"><counter type="INSTRUCTION" missed="5" covered="9"/><counter type="BRANCH" missed="1" covered="1"/><counter type="LINE" missed="2" covered="5"/><counter type="COMPLEXITY" missed="1" covered="1"/><counter type="METHOD" missed="0" covered="1"/></method><method name="closePreparedStatement" desc="(Ljava/sql/PreparedStatement;)V" line="42"><counter type="INSTRUCTION" missed="5" covered="9"/><counter type="BRANCH" missed="1" covered="1"/><counter type="LINE" missed="2" covered="5"/><counter type="COMPLEXITY" missed="1" covered="1"/><counter type="METHOD" missed="0" covered="1"/></method><method name="closeResultSet" desc="(Ljava/sql/ResultSet;)V" line="53"><counter type="INSTRUCTION" missed="5" covered="9"/><counter type="BRANCH" missed="1" covered="1"/><counter type="LINE" missed="2" covered="5"/><counter type="COMPLEXITY" missed="1" covered="1"/><counter type="METHOD" missed="0" covered="1"/></method><method name="&lt;clinit&gt;" desc="()V" line="10"><counter type="INSTRUCTION" missed="0" covered="4"/><counter type="LINE" missed="0" covered="1"/><counter type="COMPLEXITY" missed="0" covered="1"/><counter type="METHOD" missed="0" covered="1"/></method><counter type="INSTRUCTION" missed="15" covered="45"/><counter type="BRANCH" missed="3" covered="3"/><counter type="LINE" missed="6" covered="20"/><counter type="COMPLEXITY" missed="3" covered="6"/><counter type="METHOD" missed="0" covered="6"/><counter type="CLASS" missed="0" covered="1"/></class><sourcefile name="DataBaseConfig.java"><line nr="8" mi="0" ci="3" mb="0" cb="0"/><line nr="10" mi="0" ci="4" mb="0" cb="0"/><line nr="22" mi="0" ci="3" mb="0" cb="0"/><line nr="23" mi="0" ci="3" mb="0" cb="0"/><line nr="26" mi="0" ci="5" mb="0" cb="0"/><line nr="31" mi="0" ci="2" mb="1" cb="1"/><line nr="33" mi="0" ci="2" mb="0" cb="0"/><line nr="34" mi="0" ci="3" mb="0" cb="0"/><line nr="35" mi="1" ci="0" mb="0" cb="0"/><line nr="36" mi="4" ci="0" mb="0" cb="0"/><line nr="37" mi="0" ci="1" mb="0" cb="0"/><line nr="39" mi="0" ci="1" mb="0" cb="0"/><line nr="42" mi="0" ci="2" mb="1" cb="1"/><line nr="44" mi="0" ci="2" mb="0" cb="0"/><line nr="45" mi="0" ci="3" mb="0" cb="0"/><line nr="46" mi="1" ci="0" mb="0" cb="0"/><line nr="47" mi="4" ci="0" mb="0" cb="0"/><line nr="48" mi="0" ci="1" mb="0" cb="0"/><line nr="50" mi="0" ci="1" mb="0" cb="0"/><line nr="53" mi="0" ci="2" mb="1" cb="1"/><line nr="55" mi="0" ci="2" mb="0" cb="0"/><line nr="56" mi="0" ci="3" mb="0" cb="0"/><line nr="57" mi="1" ci="0" mb="0" cb="0"/><line nr="58" mi="4" ci="0" mb="0" cb="0"/><line nr="59" mi="0" ci="1" mb="0" cb="0"/><line nr="61" mi="0" ci="1" mb="0" cb="0"/><counter type="INSTRUCTION" missed="15" covered="45"/><counter type="BRANCH" missed="3" covered="3"/><counter type="LINE" missed="6" covered="20"/><counter type="COMPLEXITY" missed="3" covered="6"/><counter type="METHOD" missed="0" covered="6"/><counter type="CLASS" missed="0" covered="1"/></sourcefile><sourcefile name="configTest.java"><line nr="3" mi="3" ci="0" mb="0" cb="0"/><line nr="5" mi="4" ci="0" mb="0" cb="0"/><line nr="7" mi="3" ci="0" mb="0" cb="0"/><line nr="8" mi="3" ci="0" mb="0" cb="0"/><line nr="9" mi="1" ci="0" mb="0" cb="0"/><line nr="10" mi="2" ci="0" mb="0" cb="0"/><line nr="11" mi="1" ci="0" mb="0" cb="0"/><line nr="12" mi="1" ci="0" mb="0" cb="0"/><counter type="INSTRUCTION" missed="18" covered="0"/><counter type="LINE" missed="8" covered="0"/><counter type="COMPLEXITY" missed="2" covered="0"/><counter type="METHOD" missed="2" covered="0"/><counter type="CLASS" missed="1" covered="0"/></sourcefile><counter type="INSTRUCTION" missed="33" covered="45"/><counter type="BRANCH" missed="3" covered="3"/><counter type="LINE" missed="14" covered="20"/><counter type="COMPLEXITY" missed="5" covered="6"/><counter type="METHOD" missed="2" covered="6"/><counter type="CLASS" missed="1" covered="1"/></package><counter type="INSTRUCTION" missed="275" covered="868"/><counter type="BRANCH" missed="29" covered="35"/><counter type="LINE" missed="92" covered="236"/><counter type="COMPLEXITY" missed="39" covered="59"/><counter type="METHOD" missed="18" covered="46"/><counter type="CLASS" missed="5" covered="9"/></report>